2023-07-05 17:00:21 -Starting Application on LAPTOP-OT296DGO with PID 20920 (D:\Code\MyIm\im-system\im-service\target\classes started by 10023 in D:\Code\MyIm\im-system)
2023-07-05 17:00:21 -The following profiles are active: dev
2023-07-05 17:00:21 -Multiple Spring Data modules found, entering strict repository configuration mode!
2023-07-05 17:00:21 -Bootstrapping Spring Data Redis repositories in DEFAULT mode.
2023-07-05 17:00:21 -Finished Spring Data repository scanning in 22ms. Found 0 Redis repository interfaces.
2023-07-05 17:00:22 -Tomcat initialized with port(s): 8000 (http)
2023-07-05 17:00:22 -Initializing ProtocolHandler ["http-nio-8000"]
2023-07-05 17:00:22 -Starting service [Tomcat]
2023-07-05 17:00:22 -Starting Servlet engine: [Apache Tomcat/9.0.37]
2023-07-05 17:00:22 -Initializing Spring embedded WebApplicationContext
2023-07-05 17:00:22 -Root WebApplicationContext: initialization completed in 1054 ms
2023-07-05 17:00:23 -Initializing ExecutorService 'applicationTaskExecutor'
2023-07-05 17:00:24 -Starting ProtocolHandler ["http-nio-8000"]
2023-07-05 17:00:24 -Tomcat started on port(s): 8000 (http) with context path ''
2023-07-05 17:00:24 -Started Application in 3.846 seconds (JVM running for 4.927)
2023-07-05 17:01:05 -Initializing Spring DispatcherServlet 'dispatcherServlet'
2023-07-05 17:01:05 -Initializing Servlet 'dispatcherServlet'
2023-07-05 17:01:05 -Completed initialization in 6 ms
2023-07-05 17:01:24 -Shutting down ExecutorService 'applicationTaskExecutor'
2023-07-05 17:01:32 -Starting Application on LAPTOP-OT296DGO with PID 20040 (D:\Code\MyIm\im-system\im-service\target\classes started by 10023 in D:\Code\MyIm\im-system)
2023-07-05 17:01:32 -The following profiles are active: dev
2023-07-05 17:01:33 -Multiple Spring Data modules found, entering strict repository configuration mode!
2023-07-05 17:01:33 -Bootstrapping Spring Data Redis repositories in DEFAULT mode.
2023-07-05 17:01:33 -Finished Spring Data repository scanning in 23ms. Found 0 Redis repository interfaces.
2023-07-05 17:01:33 -Tomcat initialized with port(s): 8000 (http)
2023-07-05 17:01:33 -Initializing ProtocolHandler ["http-nio-8000"]
2023-07-05 17:01:33 -Starting service [Tomcat]
2023-07-05 17:01:33 -Starting Servlet engine: [Apache Tomcat/9.0.37]
2023-07-05 17:01:33 -Initializing Spring embedded WebApplicationContext
2023-07-05 17:01:33 -Root WebApplicationContext: initialization completed in 1078 ms
2023-07-05 17:01:35 -Initializing ExecutorService 'applicationTaskExecutor'
2023-07-05 17:01:35 -Exception encountered during context initialization - cancelling refresh attempt: org.springframework.beans.factory.BeanCreationException: Error creating bean with name 'requestMappingHandlerMapping' defined in class path resource [org/springframework/boot/autoconfigure/web/servlet/WebMvcAutoConfiguration$EnableWebMvcConfiguration.class]: Invocation of init method failed; nested exception is java.lang.IllegalStateException: Ambiguous mapping. Cannot map 'imGroupMemberController' method 
com.nineSeven.group.controller.ImGroupMemberController#updateGroupMember(UpdateGroupMemberReq, Integer, String)
to {POST /v1/group/member/update}: There is already 'imGroupController' bean method
com.nineSeven.group.controller.ImGroupController#update(UpdateGroupReq, Integer, String) mapped.
2023-07-05 17:01:35 -Shutting down ExecutorService 'applicationTaskExecutor'
2023-07-05 17:01:35 -Stopping service [Tomcat]
2023-07-05 17:01:35 -

Error starting ApplicationContext. To display the conditions report re-run your application with 'debug' enabled.
2023-07-05 17:01:35 -Application run failed
org.springframework.beans.factory.BeanCreationException: Error creating bean with name 'requestMappingHandlerMapping' defined in class path resource [org/springframework/boot/autoconfigure/web/servlet/WebMvcAutoConfiguration$EnableWebMvcConfiguration.class]: Invocation of init method failed; nested exception is java.lang.IllegalStateException: Ambiguous mapping. Cannot map 'imGroupMemberController' method 
com.nineSeven.group.controller.ImGroupMemberController#updateGroupMember(UpdateGroupMemberReq, Integer, String)
to {POST /v1/group/member/update}: There is already 'imGroupController' bean method
com.nineSeven.group.controller.ImGroupController#update(UpdateGroupReq, Integer, String) mapped.
	at org.springframework.beans.factory.support.AbstractAutowireCapableBeanFactory.initializeBean(AbstractAutowireCapableBeanFactory.java:1794)
	at org.springframework.beans.factory.support.AbstractAutowireCapableBeanFactory.doCreateBean(AbstractAutowireCapableBeanFactory.java:594)
	at org.springframework.beans.factory.support.AbstractAutowireCapableBeanFactory.createBean(AbstractAutowireCapableBeanFactory.java:516)
	at org.springframework.beans.factory.support.AbstractBeanFactory.lambda$doGetBean$0(AbstractBeanFactory.java:324)
	at org.springframework.beans.factory.support.DefaultSingletonBeanRegistry.getSingleton(DefaultSingletonBeanRegistry.java:226)
	at org.springframework.beans.factory.support.AbstractBeanFactory.doGetBean(AbstractBeanFactory.java:322)
	at org.springframework.beans.factory.support.AbstractBeanFactory.getBean(AbstractBeanFactory.java:202)
	at org.springframework.beans.factory.support.DefaultListableBeanFactory.preInstantiateSingletons(DefaultListableBeanFactory.java:897)
	at org.springframework.context.support.AbstractApplicationContext.finishBeanFactoryInitialization(AbstractApplicationContext.java:879)
	at org.springframework.context.support.AbstractApplicationContext.refresh(AbstractApplicationContext.java:551)
	at org.springframework.boot.web.servlet.context.ServletWebServerApplicationContext.refresh(ServletWebServerApplicationContext.java:143)
	at org.springframework.boot.SpringApplication.refresh(SpringApplication.java:758)
	at org.springframework.boot.SpringApplication.refresh(SpringApplication.java:750)
	at org.springframework.boot.SpringApplication.refreshContext(SpringApplication.java:397)
	at org.springframework.boot.SpringApplication.run(SpringApplication.java:315)
	at org.springframework.boot.SpringApplication.run(SpringApplication.java:1237)
	at org.springframework.boot.SpringApplication.run(SpringApplication.java:1226)
	at com.nineSeven.Application.main(Application.java:11)
Caused by: java.lang.IllegalStateException: Ambiguous mapping. Cannot map 'imGroupMemberController' method 
com.nineSeven.group.controller.ImGroupMemberController#updateGroupMember(UpdateGroupMemberReq, Integer, String)
to {POST /v1/group/member/update}: There is already 'imGroupController' bean method
com.nineSeven.group.controller.ImGroupController#update(UpdateGroupReq, Integer, String) mapped.
	at org.springframework.web.servlet.handler.AbstractHandlerMethodMapping$MappingRegistry.validateMethodMapping(AbstractHandlerMethodMapping.java:636)
	at org.springframework.web.servlet.handler.AbstractHandlerMethodMapping$MappingRegistry.register(AbstractHandlerMethodMapping.java:603)
	at org.springframework.web.servlet.handler.AbstractHandlerMethodMapping.registerHandlerMethod(AbstractHandlerMethodMapping.java:318)
	at org.springframework.web.servlet.mvc.method.annotation.RequestMappingHandlerMapping.registerHandlerMethod(RequestMappingHandlerMapping.java:378)
	at org.springframework.web.servlet.mvc.method.annotation.RequestMappingHandlerMapping.registerHandlerMethod(RequestMappingHandlerMapping.java:75)
	at org.springframework.web.servlet.handler.AbstractHandlerMethodMapping.lambda$detectHandlerMethods$1(AbstractHandlerMethodMapping.java:288)
	at java.util.LinkedHashMap.forEach(LinkedHashMap.java:684)
	at org.springframework.web.servlet.handler.AbstractHandlerMethodMapping.detectHandlerMethods(AbstractHandlerMethodMapping.java:286)
	at org.springframework.web.servlet.handler.AbstractHandlerMethodMapping.processCandidateBean(AbstractHandlerMethodMapping.java:258)
	at org.springframework.web.servlet.handler.AbstractHandlerMethodMapping.initHandlerMethods(AbstractHandlerMethodMapping.java:217)
	at org.springframework.web.servlet.handler.AbstractHandlerMethodMapping.afterPropertiesSet(AbstractHandlerMethodMapping.java:205)
	at org.springframework.web.servlet.mvc.method.annotation.RequestMappingHandlerMapping.afterPropertiesSet(RequestMappingHandlerMapping.java:189)
	at org.springframework.beans.factory.support.AbstractAutowireCapableBeanFactory.invokeInitMethods(AbstractAutowireCapableBeanFactory.java:1853)
	at org.springframework.beans.factory.support.AbstractAutowireCapableBeanFactory.initializeBean(AbstractAutowireCapableBeanFactory.java:1790)
	... 17 common frames omitted
2023-07-05 17:02:13 -Starting Application on LAPTOP-OT296DGO with PID 11488 (D:\Code\MyIm\im-system\im-service\target\classes started by 10023 in D:\Code\MyIm\im-system)
2023-07-05 17:02:13 -The following profiles are active: dev
2023-07-05 17:02:13 -Multiple Spring Data modules found, entering strict repository configuration mode!
2023-07-05 17:02:13 -Bootstrapping Spring Data Redis repositories in DEFAULT mode.
2023-07-05 17:02:13 -Finished Spring Data repository scanning in 18ms. Found 0 Redis repository interfaces.
2023-07-05 17:02:14 -Tomcat initialized with port(s): 8000 (http)
2023-07-05 17:02:14 -Initializing ProtocolHandler ["http-nio-8000"]
2023-07-05 17:02:14 -Starting service [Tomcat]
2023-07-05 17:02:14 -Starting Servlet engine: [Apache Tomcat/9.0.37]
2023-07-05 17:02:14 -Initializing Spring embedded WebApplicationContext
2023-07-05 17:02:14 -Root WebApplicationContext: initialization completed in 845 ms
2023-07-05 17:02:15 -Initializing ExecutorService 'applicationTaskExecutor'
2023-07-05 17:02:15 -Exception encountered during context initialization - cancelling refresh attempt: org.springframework.beans.factory.BeanCreationException: Error creating bean with name 'requestMappingHandlerMapping' defined in class path resource [org/springframework/boot/autoconfigure/web/servlet/WebMvcAutoConfiguration$EnableWebMvcConfiguration.class]: Invocation of init method failed; nested exception is java.lang.IllegalStateException: Ambiguous mapping. Cannot map 'imGroupMemberController' method 
com.nineSeven.group.controller.ImGroupMemberController#updateGroupMember(UpdateGroupMemberReq, Integer, String)
to {POST /v1/group/member/update}: There is already 'imGroupController' bean method
com.nineSeven.group.controller.ImGroupController#update(UpdateGroupReq, Integer, String) mapped.
2023-07-05 17:02:15 -Shutting down ExecutorService 'applicationTaskExecutor'
2023-07-05 17:02:15 -Stopping service [Tomcat]
2023-07-05 17:02:15 -

Error starting ApplicationContext. To display the conditions report re-run your application with 'debug' enabled.
2023-07-05 17:02:15 -Application run failed
org.springframework.beans.factory.BeanCreationException: Error creating bean with name 'requestMappingHandlerMapping' defined in class path resource [org/springframework/boot/autoconfigure/web/servlet/WebMvcAutoConfiguration$EnableWebMvcConfiguration.class]: Invocation of init method failed; nested exception is java.lang.IllegalStateException: Ambiguous mapping. Cannot map 'imGroupMemberController' method 
com.nineSeven.group.controller.ImGroupMemberController#updateGroupMember(UpdateGroupMemberReq, Integer, String)
to {POST /v1/group/member/update}: There is already 'imGroupController' bean method
com.nineSeven.group.controller.ImGroupController#update(UpdateGroupReq, Integer, String) mapped.
	at org.springframework.beans.factory.support.AbstractAutowireCapableBeanFactory.initializeBean(AbstractAutowireCapableBeanFactory.java:1794)
	at org.springframework.beans.factory.support.AbstractAutowireCapableBeanFactory.doCreateBean(AbstractAutowireCapableBeanFactory.java:594)
	at org.springframework.beans.factory.support.AbstractAutowireCapableBeanFactory.createBean(AbstractAutowireCapableBeanFactory.java:516)
	at org.springframework.beans.factory.support.AbstractBeanFactory.lambda$doGetBean$0(AbstractBeanFactory.java:324)
	at org.springframework.beans.factory.support.DefaultSingletonBeanRegistry.getSingleton(DefaultSingletonBeanRegistry.java:226)
	at org.springframework.beans.factory.support.AbstractBeanFactory.doGetBean(AbstractBeanFactory.java:322)
	at org.springframework.beans.factory.support.AbstractBeanFactory.getBean(AbstractBeanFactory.java:202)
	at org.springframework.beans.factory.support.DefaultListableBeanFactory.preInstantiateSingletons(DefaultListableBeanFactory.java:897)
	at org.springframework.context.support.AbstractApplicationContext.finishBeanFactoryInitialization(AbstractApplicationContext.java:879)
	at org.springframework.context.support.AbstractApplicationContext.refresh(AbstractApplicationContext.java:551)
	at org.springframework.boot.web.servlet.context.ServletWebServerApplicationContext.refresh(ServletWebServerApplicationContext.java:143)
	at org.springframework.boot.SpringApplication.refresh(SpringApplication.java:758)
	at org.springframework.boot.SpringApplication.refresh(SpringApplication.java:750)
	at org.springframework.boot.SpringApplication.refreshContext(SpringApplication.java:397)
	at org.springframework.boot.SpringApplication.run(SpringApplication.java:315)
	at org.springframework.boot.SpringApplication.run(SpringApplication.java:1237)
	at org.springframework.boot.SpringApplication.run(SpringApplication.java:1226)
	at com.nineSeven.Application.main(Application.java:11)
Caused by: java.lang.IllegalStateException: Ambiguous mapping. Cannot map 'imGroupMemberController' method 
com.nineSeven.group.controller.ImGroupMemberController#updateGroupMember(UpdateGroupMemberReq, Integer, String)
to {POST /v1/group/member/update}: There is already 'imGroupController' bean method
com.nineSeven.group.controller.ImGroupController#update(UpdateGroupReq, Integer, String) mapped.
	at org.springframework.web.servlet.handler.AbstractHandlerMethodMapping$MappingRegistry.validateMethodMapping(AbstractHandlerMethodMapping.java:636)
	at org.springframework.web.servlet.handler.AbstractHandlerMethodMapping$MappingRegistry.register(AbstractHandlerMethodMapping.java:603)
	at org.springframework.web.servlet.handler.AbstractHandlerMethodMapping.registerHandlerMethod(AbstractHandlerMethodMapping.java:318)
	at org.springframework.web.servlet.mvc.method.annotation.RequestMappingHandlerMapping.registerHandlerMethod(RequestMappingHandlerMapping.java:378)
	at org.springframework.web.servlet.mvc.method.annotation.RequestMappingHandlerMapping.registerHandlerMethod(RequestMappingHandlerMapping.java:75)
	at org.springframework.web.servlet.handler.AbstractHandlerMethodMapping.lambda$detectHandlerMethods$1(AbstractHandlerMethodMapping.java:288)
	at java.util.LinkedHashMap.forEach(LinkedHashMap.java:684)
	at org.springframework.web.servlet.handler.AbstractHandlerMethodMapping.detectHandlerMethods(AbstractHandlerMethodMapping.java:286)
	at org.springframework.web.servlet.handler.AbstractHandlerMethodMapping.processCandidateBean(AbstractHandlerMethodMapping.java:258)
	at org.springframework.web.servlet.handler.AbstractHandlerMethodMapping.initHandlerMethods(AbstractHandlerMethodMapping.java:217)
	at org.springframework.web.servlet.handler.AbstractHandlerMethodMapping.afterPropertiesSet(AbstractHandlerMethodMapping.java:205)
	at org.springframework.web.servlet.mvc.method.annotation.RequestMappingHandlerMapping.afterPropertiesSet(RequestMappingHandlerMapping.java:189)
	at org.springframework.beans.factory.support.AbstractAutowireCapableBeanFactory.invokeInitMethods(AbstractAutowireCapableBeanFactory.java:1853)
	at org.springframework.beans.factory.support.AbstractAutowireCapableBeanFactory.initializeBean(AbstractAutowireCapableBeanFactory.java:1790)
	... 17 common frames omitted
2023-07-05 17:02:42 -Starting Application on LAPTOP-OT296DGO with PID 29356 (D:\Code\MyIm\im-system\im-service\target\classes started by 10023 in D:\Code\MyIm\im-system)
2023-07-05 17:02:42 -The following profiles are active: dev
2023-07-05 17:02:42 -Multiple Spring Data modules found, entering strict repository configuration mode!
2023-07-05 17:02:42 -Bootstrapping Spring Data Redis repositories in DEFAULT mode.
2023-07-05 17:02:42 -Finished Spring Data repository scanning in 18ms. Found 0 Redis repository interfaces.
2023-07-05 17:02:43 -Tomcat initialized with port(s): 8000 (http)
2023-07-05 17:02:43 -Initializing ProtocolHandler ["http-nio-8000"]
2023-07-05 17:02:43 -Starting service [Tomcat]
2023-07-05 17:02:43 -Starting Servlet engine: [Apache Tomcat/9.0.37]
2023-07-05 17:02:43 -Initializing Spring embedded WebApplicationContext
2023-07-05 17:02:43 -Root WebApplicationContext: initialization completed in 888 ms
2023-07-05 17:02:44 -Initializing ExecutorService 'applicationTaskExecutor'
2023-07-05 17:02:45 -Starting ProtocolHandler ["http-nio-8000"]
2023-07-05 17:02:45 -Tomcat started on port(s): 8000 (http) with context path ''
2023-07-05 17:02:45 -Started Application in 3.468 seconds (JVM running for 4.402)
2023-07-05 17:02:46 -Initializing Spring DispatcherServlet 'dispatcherServlet'
2023-07-05 17:02:46 -Initializing Servlet 'dispatcherServlet'
2023-07-05 17:02:46 -Completed initialization in 5 ms
2023-07-05 17:02:47 -HikariPool-1 - Starting...
2023-07-05 17:02:47 -HikariPool-1 - Start completed.
2023-07-05 17:12:38 -Shutting down ExecutorService 'applicationTaskExecutor'
2023-07-05 17:12:38 -HikariPool-1 - Shutdown initiated...
2023-07-05 17:12:38 -HikariPool-1 - Shutdown completed.
2023-07-05 17:12:42 -Starting Application on LAPTOP-OT296DGO with PID 26800 (D:\Code\MyIm\im-system\im-service\target\classes started by 10023 in D:\Code\MyIm\im-system)
2023-07-05 17:12:42 -The following profiles are active: dev
2023-07-05 17:12:42 -Multiple Spring Data modules found, entering strict repository configuration mode!
2023-07-05 17:12:42 -Bootstrapping Spring Data Redis repositories in DEFAULT mode.
2023-07-05 17:12:42 -Finished Spring Data repository scanning in 19ms. Found 0 Redis repository interfaces.
2023-07-05 17:12:43 -Tomcat initialized with port(s): 8000 (http)
2023-07-05 17:12:43 -Initializing ProtocolHandler ["http-nio-8000"]
2023-07-05 17:12:43 -Starting service [Tomcat]
2023-07-05 17:12:43 -Starting Servlet engine: [Apache Tomcat/9.0.37]
2023-07-05 17:12:43 -Initializing Spring embedded WebApplicationContext
2023-07-05 17:12:43 -Root WebApplicationContext: initialization completed in 983 ms
2023-07-05 17:12:44 -Initializing ExecutorService 'applicationTaskExecutor'
2023-07-05 17:12:45 -Starting ProtocolHandler ["http-nio-8000"]
2023-07-05 17:12:45 -Tomcat started on port(s): 8000 (http) with context path ''
2023-07-05 17:12:45 -Started Application in 3.686 seconds (JVM running for 5.03)
2023-07-05 17:12:52 -Initializing Spring DispatcherServlet 'dispatcherServlet'
2023-07-05 17:12:52 -Initializing Servlet 'dispatcherServlet'
2023-07-05 17:12:52 -Completed initialization in 5 ms
2023-07-05 17:12:57 -HikariPool-1 - Starting...
2023-07-05 17:12:57 -HikariPool-1 - Start completed.
2023-07-05 17:14:25 -HikariPool-1 - Thread starvation or clock leap detected (housekeeper delta=54s109ms778µs).
2023-07-05 17:14:26 -Shutting down ExecutorService 'applicationTaskExecutor'
2023-07-05 17:14:26 -HikariPool-1 - Shutdown initiated...
2023-07-05 17:14:26 -HikariPool-1 - Shutdown completed.
2023-07-05 17:16:51 -Starting Application on LAPTOP-OT296DGO with PID 20968 (D:\Code\MyIm\im-system\im-service\target\classes started by 10023 in D:\Code\MyIm\im-system)
2023-07-05 17:16:51 -The following profiles are active: dev
2023-07-05 17:16:51 -Multiple Spring Data modules found, entering strict repository configuration mode!
2023-07-05 17:16:51 -Bootstrapping Spring Data Redis repositories in DEFAULT mode.
2023-07-05 17:16:51 -Finished Spring Data repository scanning in 18ms. Found 0 Redis repository interfaces.
2023-07-05 17:16:52 -Tomcat initialized with port(s): 8000 (http)
2023-07-05 17:16:52 -Initializing ProtocolHandler ["http-nio-8000"]
2023-07-05 17:16:52 -Starting service [Tomcat]
2023-07-05 17:16:52 -Starting Servlet engine: [Apache Tomcat/9.0.37]
2023-07-05 17:16:52 -Initializing Spring embedded WebApplicationContext
2023-07-05 17:16:52 -Root WebApplicationContext: initialization completed in 890 ms
2023-07-05 17:16:53 -Initializing ExecutorService 'applicationTaskExecutor'
2023-07-05 17:16:54 -Starting ProtocolHandler ["http-nio-8000"]
2023-07-05 17:16:54 -Tomcat started on port(s): 8000 (http) with context path ''
2023-07-05 17:16:54 -Started Application in 3.975 seconds (JVM running for 4.904)
2023-07-05 17:17:17 -Initializing Spring DispatcherServlet 'dispatcherServlet'
2023-07-05 17:17:17 -Initializing Servlet 'dispatcherServlet'
2023-07-05 17:17:17 -Completed initialization in 4 ms
2023-07-05 17:17:17 -HikariPool-1 - Starting...
2023-07-05 17:17:17 -HikariPool-1 - Start completed.
2023-07-05 17:21:43 -Shutting down ExecutorService 'applicationTaskExecutor'
2023-07-05 17:21:43 -HikariPool-1 - Shutdown initiated...
2023-07-05 17:21:43 -HikariPool-1 - Shutdown completed.
2023-07-05 17:21:49 -Starting Application on LAPTOP-OT296DGO with PID 17004 (D:\Code\MyIm\im-system\im-service\target\classes started by 10023 in D:\Code\MyIm\im-system)
2023-07-05 17:21:49 -The following profiles are active: dev
2023-07-05 17:21:50 -Multiple Spring Data modules found, entering strict repository configuration mode!
2023-07-05 17:21:50 -Bootstrapping Spring Data Redis repositories in DEFAULT mode.
2023-07-05 17:21:50 -Finished Spring Data repository scanning in 41ms. Found 0 Redis repository interfaces.
2023-07-05 17:21:50 -Tomcat initialized with port(s): 8000 (http)
2023-07-05 17:21:50 -Initializing ProtocolHandler ["http-nio-8000"]
2023-07-05 17:21:50 -Starting service [Tomcat]
2023-07-05 17:21:50 -Starting Servlet engine: [Apache Tomcat/9.0.37]
2023-07-05 17:21:50 -Initializing Spring embedded WebApplicationContext
2023-07-05 17:21:50 -Root WebApplicationContext: initialization completed in 1385 ms
2023-07-05 17:21:52 -Initializing ExecutorService 'applicationTaskExecutor'
2023-07-05 17:21:53 -Starting ProtocolHandler ["http-nio-8000"]
2023-07-05 17:21:53 -Tomcat started on port(s): 8000 (http) with context path ''
2023-07-05 17:21:53 -Started Application in 4.303 seconds (JVM running for 5.46)
2023-07-05 17:22:03 -Initializing Spring DispatcherServlet 'dispatcherServlet'
2023-07-05 17:22:03 -Initializing Servlet 'dispatcherServlet'
2023-07-05 17:22:03 -Completed initialization in 5 ms
2023-07-05 17:22:03 -HikariPool-1 - Starting...
2023-07-05 17:22:03 -HikariPool-1 - Start completed.
2023-07-05 17:27:22 -Shutting down ExecutorService 'applicationTaskExecutor'
2023-07-05 17:27:22 -HikariPool-1 - Shutdown initiated...
2023-07-05 17:27:22 -HikariPool-1 - Shutdown completed.
2023-07-05 17:27:28 -Starting Application on LAPTOP-OT296DGO with PID 22420 (D:\Code\MyIm\im-system\im-service\target\classes started by 10023 in D:\Code\MyIm\im-system)
2023-07-05 17:27:28 -The following profiles are active: dev
2023-07-05 17:27:29 -Multiple Spring Data modules found, entering strict repository configuration mode!
2023-07-05 17:27:29 -Bootstrapping Spring Data Redis repositories in DEFAULT mode.
2023-07-05 17:27:29 -Finished Spring Data repository scanning in 34ms. Found 0 Redis repository interfaces.
2023-07-05 17:27:30 -Tomcat initialized with port(s): 8000 (http)
2023-07-05 17:27:30 -Initializing ProtocolHandler ["http-nio-8000"]
2023-07-05 17:27:30 -Starting service [Tomcat]
2023-07-05 17:27:30 -Starting Servlet engine: [Apache Tomcat/9.0.37]
2023-07-05 17:27:30 -Initializing Spring embedded WebApplicationContext
2023-07-05 17:27:30 -Root WebApplicationContext: initialization completed in 1354 ms
2023-07-05 17:27:31 -Initializing ExecutorService 'applicationTaskExecutor'
2023-07-05 17:27:32 -Starting ProtocolHandler ["http-nio-8000"]
2023-07-05 17:27:32 -Tomcat started on port(s): 8000 (http) with context path ''
2023-07-05 17:27:32 -Started Application in 3.99 seconds (JVM running for 5.099)
2023-07-05 17:29:57 -Initializing Spring DispatcherServlet 'dispatcherServlet'
2023-07-05 17:29:57 -Initializing Servlet 'dispatcherServlet'
2023-07-05 17:29:57 -Completed initialization in 4 ms
2023-07-05 17:30:29 -HikariPool-1 - Starting...
2023-07-05 17:30:29 -HikariPool-1 - Start completed.
2023-07-05 17:37:42 -Shutting down ExecutorService 'applicationTaskExecutor'
2023-07-05 17:37:42 -HikariPool-1 - Shutdown initiated...
2023-07-05 17:37:42 -HikariPool-1 - Shutdown completed.
