2023-07-02 10:42:33 -Starting Application on LAPTOP-OT296DGO with PID 23128 (D:\Code\MyIm\im-system\im-service\target\classes started by 10023 in D:\Code\MyIm\im-system)
2023-07-02 10:42:33 -The following profiles are active: dev
2023-07-02 10:42:34 -Multiple Spring Data modules found, entering strict repository configuration mode!
2023-07-02 10:42:34 -Bootstrapping Spring Data Redis repositories in DEFAULT mode.
2023-07-02 10:42:34 -Finished Spring Data repository scanning in 16ms. Found 0 Redis repository interfaces.
2023-07-02 10:42:34 -Tomcat initialized with port(s): 8000 (http)
2023-07-02 10:42:34 -Initializing ProtocolHandler ["http-nio-8000"]
2023-07-02 10:42:34 -Starting service [Tomcat]
2023-07-02 10:42:34 -Starting Servlet engine: [Apache Tomcat/9.0.37]
2023-07-02 10:42:34 -Initializing Spring embedded WebApplicationContext
2023-07-02 10:42:34 -Root WebApplicationContext: initialization completed in 866 ms
2023-07-02 10:42:36 -Initializing ExecutorService 'applicationTaskExecutor'
2023-07-02 10:42:37 -Starting ProtocolHandler ["http-nio-8000"]
2023-07-02 10:42:37 -Tomcat started on port(s): 8000 (http) with context path ''
2023-07-02 10:42:37 -Started Application in 3.484 seconds (JVM running for 4.483)
2023-07-02 10:44:28 -Initializing Spring DispatcherServlet 'dispatcherServlet'
2023-07-02 10:44:28 -Initializing Servlet 'dispatcherServlet'
2023-07-02 10:44:28 -Completed initialization in 4 ms
2023-07-02 10:44:28 -HikariPool-1 - Starting...
2023-07-02 10:44:28 -HikariPool-1 - Start completed.
2023-07-02 12:51:53 -HikariPool-1 - Thread starvation or clock leap detected (housekeeper delta=1h31m24s81ms609µs800ns).
2023-07-02 13:35:35 -HikariPool-1 - Thread starvation or clock leap detected (housekeeper delta=11m11s541ms116µs900ns).
2023-07-02 14:29:27 -HikariPool-1 - Thread starvation or clock leap detected (housekeeper delta=33m52s292ms965µs).
2023-07-02 17:44:45 -HikariPool-1 - Thread starvation or clock leap detected (housekeeper delta=2h51m47s488ms185µs).
2023-07-02 18:05:28 -Shutting down ExecutorService 'applicationTaskExecutor'
2023-07-02 18:05:28 -HikariPool-1 - Shutdown initiated...
2023-07-02 18:05:28 -HikariPool-1 - Shutdown completed.
2023-07-02 18:17:58 -Starting Application on LAPTOP-OT296DGO with PID 6904 (D:\Code\MyIm\im-system\im-service\target\classes started by 10023 in D:\Code\MyIm\im-system)
2023-07-02 18:17:58 -The following profiles are active: dev
2023-07-02 18:17:58 -Multiple Spring Data modules found, entering strict repository configuration mode!
2023-07-02 18:17:58 -Bootstrapping Spring Data Redis repositories in DEFAULT mode.
2023-07-02 18:17:58 -Finished Spring Data repository scanning in 18ms. Found 0 Redis repository interfaces.
2023-07-02 18:17:58 -Tomcat initialized with port(s): 8000 (http)
2023-07-02 18:17:58 -Initializing ProtocolHandler ["http-nio-8000"]
2023-07-02 18:17:58 -Starting service [Tomcat]
2023-07-02 18:17:58 -Starting Servlet engine: [Apache Tomcat/9.0.37]
2023-07-02 18:17:59 -Initializing Spring embedded WebApplicationContext
2023-07-02 18:17:59 -Root WebApplicationContext: initialization completed in 944 ms
2023-07-02 18:18:00 -Initializing ExecutorService 'applicationTaskExecutor'
2023-07-02 18:18:01 -Starting ProtocolHandler ["http-nio-8000"]
2023-07-02 18:18:01 -Tomcat started on port(s): 8000 (http) with context path ''
2023-07-02 18:18:01 -Started Application in 3.704 seconds (JVM running for 4.912)
2023-07-02 18:59:17 -Shutting down ExecutorService 'applicationTaskExecutor'
2023-07-02 19:03:04 -Starting Application on LAPTOP-OT296DGO with PID 17048 (D:\Code\MyIm\im-system\im-service\target\classes started by 10023 in D:\Code\MyIm\im-system)
2023-07-02 19:03:04 -The following profiles are active: dev
2023-07-02 19:03:05 -Multiple Spring Data modules found, entering strict repository configuration mode!
2023-07-02 19:03:05 -Bootstrapping Spring Data Redis repositories in DEFAULT mode.
2023-07-02 19:03:05 -Finished Spring Data repository scanning in 20ms. Found 0 Redis repository interfaces.
2023-07-02 19:03:05 -Tomcat initialized with port(s): 8000 (http)
2023-07-02 19:03:05 -Initializing ProtocolHandler ["http-nio-8000"]
2023-07-02 19:03:05 -Starting service [Tomcat]
2023-07-02 19:03:05 -Starting Servlet engine: [Apache Tomcat/9.0.37]
2023-07-02 19:03:05 -Initializing Spring embedded WebApplicationContext
2023-07-02 19:03:05 -Root WebApplicationContext: initialization completed in 1039 ms
2023-07-02 19:03:07 -Initializing ExecutorService 'applicationTaskExecutor'
2023-07-02 19:03:08 -Starting ProtocolHandler ["http-nio-8000"]
2023-07-02 19:03:08 -Tomcat started on port(s): 8000 (http) with context path ''
2023-07-02 19:03:08 -Started Application in 4.075 seconds (JVM running for 5.869)
2023-07-02 19:03:10 -Initializing Spring DispatcherServlet 'dispatcherServlet'
2023-07-02 19:03:10 -Initializing Servlet 'dispatcherServlet'
2023-07-02 19:03:10 -Completed initialization in 5 ms
2023-07-02 19:03:10 -HikariPool-1 - Starting...
2023-07-02 19:03:10 -HikariPool-1 - Start completed.
2023-07-02 19:03:42 -Shutting down ExecutorService 'applicationTaskExecutor'
2023-07-02 19:03:42 -HikariPool-1 - Shutdown initiated...
2023-07-02 19:03:42 -HikariPool-1 - Shutdown completed.
