2023-07-04 00:02:10 -Starting Application on LAPTOP-OT296DGO with PID 25992 (D:\Code\MyIm\im-system\im-service\target\classes started by 10023 in D:\Code\MyIm\im-system)
2023-07-04 00:02:10 -The following profiles are active: dev
2023-07-04 00:02:10 -Multiple Spring Data modules found, entering strict repository configuration mode!
2023-07-04 00:02:10 -Bootstrapping Spring Data Redis repositories in DEFAULT mode.
2023-07-04 00:02:10 -Finished Spring Data repository scanning in 28ms. Found 0 Redis repository interfaces.
2023-07-04 00:02:11 -Tomcat initialized with port(s): 8000 (http)
2023-07-04 00:02:11 -Initializing ProtocolHandler ["http-nio-8000"]
2023-07-04 00:02:11 -Starting service [Tomcat]
2023-07-04 00:02:11 -Starting Servlet engine: [Apache Tomcat/9.0.37]
2023-07-04 00:02:11 -Initializing Spring embedded WebApplicationContext
2023-07-04 00:02:11 -Root WebApplicationContext: initialization completed in 1044 ms
2023-07-04 00:02:12 -Initializing ExecutorService 'applicationTaskExecutor'
2023-07-04 00:02:13 -Starting ProtocolHandler ["http-nio-8000"]
2023-07-04 00:02:13 -Tomcat started on port(s): 8000 (http) with context path ''
2023-07-04 00:02:13 -Started Application in 4.1 seconds (JVM running for 5.111)
2023-07-04 00:02:17 -Initializing Spring DispatcherServlet 'dispatcherServlet'
2023-07-04 00:02:17 -Initializing Servlet 'dispatcherServlet'
2023-07-04 00:02:17 -Completed initialization in 4 ms
2023-07-04 00:03:24 -HikariPool-1 - Starting...
2023-07-04 00:03:24 -HikariPool-1 - Start completed.
2023-07-04 00:11:02 -Shutting down ExecutorService 'applicationTaskExecutor'
2023-07-04 00:11:02 -HikariPool-1 - Shutdown initiated...
2023-07-04 00:11:02 -HikariPool-1 - Shutdown completed.
