2023-07-01 16:01:46 -Starting Application on LAPTOP-OT296DGO with PID 21636 (D:\Code\MyIm\im-system\im-service\target\classes started by 10023 in D:\Code\MyIm\im-system)
2023-07-01 16:01:46 -The following profiles are active: dev
2023-07-01 16:01:46 -Multiple Spring Data modules found, entering strict repository configuration mode!
2023-07-01 16:01:46 -Bootstrapping Spring Data Redis repositories in DEFAULT mode.
2023-07-01 16:01:46 -Finished Spring Data repository scanning in 20ms. Found 0 Redis repository interfaces.
2023-07-01 16:01:47 -Tomcat initialized with port(s): 8000 (http)
2023-07-01 16:01:47 -Initializing ProtocolHandler ["http-nio-8000"]
2023-07-01 16:01:47 -Starting service [Tomcat]
2023-07-01 16:01:47 -Starting Servlet engine: [Apache Tomcat/9.0.37]
2023-07-01 16:01:48 -Initializing Spring embedded WebApplicationContext
2023-07-01 16:01:48 -Root WebApplicationContext: initialization completed in 1949 ms
2023-07-01 16:01:51 -Initializing ExecutorService 'applicationTaskExecutor'
2023-07-01 16:01:52 -Starting ProtocolHandler ["http-nio-8000"]
2023-07-01 16:01:52 -Tomcat started on port(s): 8000 (http) with context path ''
2023-07-01 16:01:52 -Started Application in 6.965 seconds (JVM running for 8.294)
2023-07-01 16:04:21 -Initializing Spring DispatcherServlet 'dispatcherServlet'
2023-07-01 16:04:21 -Initializing Servlet 'dispatcherServlet'
2023-07-01 16:04:21 -Completed initialization in 4 ms
2023-07-01 16:06:33 -HikariPool-1 - Starting...
2023-07-01 16:06:33 -HikariPool-1 - Start completed.
2023-07-01 17:34:55 -HikariPool-1 - Thread starvation or clock leap detected (housekeeper delta=11m20s595ms432µs900ns).
2023-07-01 18:49:23 -Shutting down ExecutorService 'applicationTaskExecutor'
2023-07-01 18:49:23 -HikariPool-1 - Shutdown initiated...
2023-07-01 18:49:23 -HikariPool-1 - Shutdown completed.
2023-07-01 22:25:51 -Starting Application on LAPTOP-OT296DGO with PID 2272 (D:\Code\MyIm\im-system\im-service\target\classes started by 10023 in D:\Code\MyIm\im-system)
2023-07-01 22:25:51 -The following profiles are active: dev
2023-07-01 22:25:51 -Multiple Spring Data modules found, entering strict repository configuration mode!
2023-07-01 22:25:51 -Bootstrapping Spring Data Redis repositories in DEFAULT mode.
2023-07-01 22:25:51 -Finished Spring Data repository scanning in 17ms. Found 0 Redis repository interfaces.
2023-07-01 22:25:52 -Tomcat initialized with port(s): 8000 (http)
2023-07-01 22:25:52 -Initializing ProtocolHandler ["http-nio-8000"]
2023-07-01 22:25:52 -Starting service [Tomcat]
2023-07-01 22:25:52 -Starting Servlet engine: [Apache Tomcat/9.0.37]
2023-07-01 22:25:52 -Initializing Spring embedded WebApplicationContext
2023-07-01 22:25:52 -Root WebApplicationContext: initialization completed in 917 ms
2023-07-01 22:25:53 -Initializing ExecutorService 'applicationTaskExecutor'
2023-07-01 22:25:54 -Starting ProtocolHandler ["http-nio-8000"]
2023-07-01 22:25:54 -Tomcat started on port(s): 8000 (http) with context path ''
2023-07-01 22:25:54 -Started Application in 3.552 seconds (JVM running for 4.595)
2023-07-01 22:25:57 -Shutting down ExecutorService 'applicationTaskExecutor'
